0 info it worked if it ends with ok
1 verbose cli [ 'node', '/usr/local/bin/npm', 'publish', 'ep_printer' ]
2 info using npm@1.4.10
3 info using node@v0.10.26
4 verbose node symlink /usr/local/bin/node
5 verbose publish [ 'ep_printer' ]
6 verbose cache add [ 'ep_printer', null ]
7 verbose cache add name=undefined spec="ep_printer" args=["ep_printer",null]
8 verbose parsed url { protocol: null,
8 verbose parsed url   slashes: null,
8 verbose parsed url   auth: null,
8 verbose parsed url   host: null,
8 verbose parsed url   port: null,
8 verbose parsed url   hostname: null,
8 verbose parsed url   hash: null,
8 verbose parsed url   search: null,
8 verbose parsed url   query: null,
8 verbose parsed url   pathname: 'ep_printer',
8 verbose parsed url   path: 'ep_printer',
8 verbose parsed url   href: 'ep_printer' }
9 silly lockFile 1bdb996a-ep-printer ep_printer
10 verbose lock ep_printer /Users/rix/.npm/1bdb996a-ep-printer.lock
11 silly lockFile 1bdb996a-ep-printer ep_printer
12 silly lockFile 1bdb996a-ep-printer ep_printer
13 verbose addNamed [ 'ep_printer', '' ]
14 verbose addNamed [ null, '*' ]
15 silly lockFile 7ae0649b-ep-printer ep_printer@
16 verbose lock ep_printer@ /Users/rix/.npm/7ae0649b-ep-printer.lock
17 silly addNameRange { name: 'ep_printer', range: '*', hasData: false }
18 verbose url raw ep_printer
19 verbose url resolving [ 'https://registry.npmjs.org/', './ep_printer' ]
20 verbose url resolved https://registry.npmjs.org/ep_printer
21 info trying registry request attempt 1 at 15:25:28
22 http GET https://registry.npmjs.org/ep_printer
23 http 404 https://registry.npmjs.org/ep_printer
24 verbose headers { date: 'Thu, 14 Aug 2014 14:25:29 GMT',
24 verbose headers   server: 'CouchDB/1.5.0 (Erlang OTP/R16B03)',
24 verbose headers   'content-type': 'application/json',
24 verbose headers   'cache-control': 'max-age=0',
24 verbose headers   'content-length': '52',
24 verbose headers   'accept-ranges': 'bytes',
24 verbose headers   via: '1.1 varnish',
24 verbose headers   age: '0',
24 verbose headers   'x-served-by': 'cache-lcy1125-LCY',
24 verbose headers   'x-cache': 'MISS',
24 verbose headers   'x-cache-hits': '0',
24 verbose headers   'x-timer': 'S1408026329.060183,VS0,VE158',
24 verbose headers   'keep-alive': 'timeout=10, max=50',
24 verbose headers   connection: 'Keep-Alive' }
25 silly registry.get cb [ 404,
25 silly registry.get   { date: 'Thu, 14 Aug 2014 14:25:29 GMT',
25 silly registry.get     server: 'CouchDB/1.5.0 (Erlang OTP/R16B03)',
25 silly registry.get     'content-type': 'application/json',
25 silly registry.get     'cache-control': 'max-age=0',
25 silly registry.get     'content-length': '52',
25 silly registry.get     'accept-ranges': 'bytes',
25 silly registry.get     via: '1.1 varnish',
25 silly registry.get     age: '0',
25 silly registry.get     'x-served-by': 'cache-lcy1125-LCY',
25 silly registry.get     'x-cache': 'MISS',
25 silly registry.get     'x-cache-hits': '0',
25 silly registry.get     'x-timer': 'S1408026329.060183,VS0,VE158',
25 silly registry.get     'keep-alive': 'timeout=10, max=50',
25 silly registry.get     connection: 'Keep-Alive' } ]
26 silly lockFile 7ae0649b-ep-printer ep_printer@
27 silly lockFile 7ae0649b-ep-printer ep_printer@
28 error 404 404 Not Found: ep_printer
28 error 404
28 error 404 'ep_printer' is not in the npm registry.
28 error 404 You should bug the author to publish it
28 error 404
28 error 404 Note that you can also install from a
28 error 404 tarball, folder, or http url, or git url.
29 error System Darwin 11.4.2
30 error command "node" "/usr/local/bin/npm" "publish" "ep_printer"
31 error cwd /Library/WebServer/Documents/vtemp/ep_printer
32 error node -v v0.10.26
33 error npm -v 1.4.10
34 error code E404
35 verbose exit [ 1, true ]
